<?xml version="1.0" encoding="UTF-8"?>
<testsuite name="com.example.sistemaannedecor2.SistemaAnneDecor2ApplicationTests" tests="1" skipped="0" failures="0" errors="0" timestamp="2024-06-03T17:08:48" hostname="DESKTOP-553OBIJ" time="0.068">
  <properties/>
  <testcase name="contextLoads()" classname="com.example.sistemaannedecor2.SistemaAnneDecor2ApplicationTests" time="0.068"/>
  <system-out><![CDATA[14:08:42.587 [Test worker] DEBUG org.springframework.test.context.BootstrapUtils - Instantiating CacheAwareContextLoaderDelegate from class [org.springframework.test.context.cache.DefaultCacheAwareContextLoaderDelegate]
14:08:42.597 [Test worker] DEBUG org.springframework.test.context.BootstrapUtils - Instantiating BootstrapContext using constructor [public org.springframework.test.context.support.DefaultBootstrapContext(java.lang.Class,org.springframework.test.context.CacheAwareContextLoaderDelegate)]
14:08:42.625 [Test worker] DEBUG org.springframework.test.context.BootstrapUtils - Instantiating TestContextBootstrapper for test class [com.example.sistemaannedecor2.SistemaAnneDecor2ApplicationTests] from class [org.springframework.boot.test.context.SpringBootTestContextBootstrapper]
14:08:42.635 [Test worker] INFO org.springframework.boot.test.context.SpringBootTestContextBootstrapper - Neither @ContextConfiguration nor @ContextHierarchy found for test class [com.example.sistemaannedecor2.SistemaAnneDecor2ApplicationTests], using SpringBootContextLoader
14:08:42.639 [Test worker] DEBUG org.springframework.test.context.support.AbstractContextLoader - Did not detect default resource location for test class [com.example.sistemaannedecor2.SistemaAnneDecor2ApplicationTests]: class path resource [com/example/sistemaannedecor2/SistemaAnneDecor2ApplicationTests-context.xml] does not exist
14:08:42.639 [Test worker] DEBUG org.springframework.test.context.support.AbstractContextLoader - Did not detect default resource location for test class [com.example.sistemaannedecor2.SistemaAnneDecor2ApplicationTests]: class path resource [com/example/sistemaannedecor2/SistemaAnneDecor2ApplicationTestsContext.groovy] does not exist
14:08:42.639 [Test worker] INFO org.springframework.test.context.support.AbstractContextLoader - Could not detect default resource locations for test class [com.example.sistemaannedecor2.SistemaAnneDecor2ApplicationTests]: no resource found for suffixes {-context.xml, Context.groovy}.
14:08:42.640 [Test worker] INFO org.springframework.test.context.support.AnnotationConfigContextLoaderUtils - Could not detect default configuration classes for test class [com.example.sistemaannedecor2.SistemaAnneDecor2ApplicationTests]: SistemaAnneDecor2ApplicationTests does not declare any static, non-private, non-final, nested classes annotated with @Configuration.
14:08:42.676 [Test worker] DEBUG org.springframework.test.context.support.ActiveProfilesUtils - Could not find an 'annotation declaring class' for annotation type [org.springframework.test.context.ActiveProfiles] and class [com.example.sistemaannedecor2.SistemaAnneDecor2ApplicationTests]
14:08:42.725 [Test worker] DEBUG org.springframework.context.annotation.ClassPathScanningCandidateComponentProvider - Identified candidate component class: file [C:\Users\calvi\OneDrive\Desktop\Nueva carpeta (16)\SistemaAnneDecor\build\classes\java\main\com\example\sistemaannedecor2\SistemaAnneDecor2Application.class]
14:08:42.726 [Test worker] INFO org.springframework.boot.test.context.SpringBootTestContextBootstrapper - Found @SpringBootConfiguration com.example.sistemaannedecor2.SistemaAnneDecor2Application for test class com.example.sistemaannedecor2.SistemaAnneDecor2ApplicationTests
14:08:42.806 [Test worker] DEBUG org.springframework.boot.test.context.SpringBootTestContextBootstrapper - @TestExecutionListeners is not present for class [com.example.sistemaannedecor2.SistemaAnneDecor2ApplicationTests]: using defaults.
14:08:42.807 [Test worker] INFO org.springframework.boot.test.context.SpringBootTestContextBootstrapper - Loaded default TestExecutionListener class names from location [META-INF/spring.factories]: [org.springframework.boot.test.autoconfigure.restdocs.RestDocsTestExecutionListener, org.springframework.boot.test.autoconfigure.web.client.MockRestServiceServerResetTestExecutionListener, org.springframework.boot.test.autoconfigure.web.servlet.MockMvcPrintOnlyOnFailureTestExecutionListener, org.springframework.boot.test.autoconfigure.web.servlet.WebDriverTestExecutionListener, org.springframework.boot.test.autoconfigure.webservices.client.MockWebServiceServerTestExecutionListener, org.springframework.boot.test.mock.mockito.MockitoTestExecutionListener, org.springframework.boot.test.mock.mockito.ResetMocksTestExecutionListener, org.springframework.test.context.web.ServletTestExecutionListener, org.springframework.test.context.support.DirtiesContextBeforeModesTestExecutionListener, org.springframework.test.context.event.ApplicationEventsTestExecutionListener, org.springframework.test.context.support.DependencyInjectionTestExecutionListener, org.springframework.test.context.support.DirtiesContextTestExecutionListener, org.springframework.test.context.transaction.TransactionalTestExecutionListener, org.springframework.test.context.jdbc.SqlScriptsTestExecutionListener, org.springframework.test.context.event.EventPublishingTestExecutionListener]
14:08:42.827 [Test worker] INFO org.springframework.boot.test.context.SpringBootTestContextBootstrapper - Using TestExecutionListeners: [org.springframework.test.context.web.ServletTestExecutionListener@7fd4acee, org.springframework.test.context.support.DirtiesContextBeforeModesTestExecutionListener@165b8a71, org.springframework.test.context.event.ApplicationEventsTestExecutionListener@6175619b, org.springframework.boot.test.mock.mockito.MockitoTestExecutionListener@2f058b8a, org.springframework.boot.test.autoconfigure.SpringBootDependencyInjectionTestExecutionListener@756cf158, org.springframework.test.context.support.DirtiesContextTestExecutionListener@3f2ef586, org.springframework.test.context.transaction.TransactionalTestExecutionListener@751d3241, org.springframework.test.context.jdbc.SqlScriptsTestExecutionListener@76c7beb3, org.springframework.test.context.event.EventPublishingTestExecutionListener@64337702, org.springframework.boot.test.autoconfigure.restdocs.RestDocsTestExecutionListener@2cf92cc7, org.springframework.boot.test.autoconfigure.web.client.MockRestServiceServerResetTestExecutionListener@30ea8c23, org.springframework.boot.test.autoconfigure.web.servlet.MockMvcPrintOnlyOnFailureTestExecutionListener@7b139eab, org.springframework.boot.test.autoconfigure.web.servlet.WebDriverTestExecutionListener@4e76dac, org.springframework.boot.test.autoconfigure.webservices.client.MockWebServiceServerTestExecutionListener@611df6e3, org.springframework.boot.test.mock.mockito.ResetMocksTestExecutionListener@5f2f577]
14:08:42.829 [Test worker] DEBUG org.springframework.test.context.support.AbstractDirtiesContextTestExecutionListener - Before test class: context [DefaultTestContext@5ac86ba5 testClass = SistemaAnneDecor2ApplicationTests, testInstance = [null], testMethod = [null], testException = [null], mergedContextConfiguration = [WebMergedContextConfiguration@6c67e137 testClass = SistemaAnneDecor2ApplicationTests, locations = '{}', classes = '{class com.example.sistemaannedecor2.SistemaAnneDecor2Application}', contextInitializerClasses = '[]', activeProfiles = '{}', propertySourceLocations = '{}', propertySourceProperties = '{org.springframework.boot.test.context.SpringBootTestContextBootstrapper=true}', contextCustomizers = set[org.springframework.boot.test.autoconfigure.actuate.metrics.MetricsExportContextCustomizerFactory$DisableMetricExportContextCustomizer@4eb386df, org.springframework.boot.test.autoconfigure.properties.PropertyMappingContextCustomizer@0, org.springframework.boot.test.autoconfigure.web.servlet.WebDriverContextCustomizerFactory$Customizer@1a6c1270, org.springframework.boot.test.context.filter.ExcludeFilterContextCustomizer@6ee6f53, org.springframework.boot.test.json.DuplicateJsonObjectContextCustomizerFactory$DuplicateJsonObjectContextCustomizer@797cf65c, org.springframework.boot.test.mock.mockito.MockitoContextCustomizer@0, org.springframework.boot.test.web.client.TestRestTemplateContextCustomizer@7e3181aa, org.springframework.boot.test.context.SpringBootTestArgs@1, org.springframework.boot.test.context.SpringBootTestWebEnvironment@56cdfb3b], resourceBasePath = 'src/main/webapp', contextLoader = 'org.springframework.boot.test.context.SpringBootContextLoader', parent = [null]], attributes = map['org.springframework.test.context.web.ServletTestExecutionListener.activateListener' -> true]], class annotated with @DirtiesContext [false] with mode [null].

  .   ____          _            __ _ _
 /\\ / ___'_ __ _ _(_)_ __  __ _ \ \ \ \
( ( )\___ | '_ | '_| | '_ \/ _` | \ \ \ \
 \\/  ___)| |_)| | | | | || (_| |  ) ) ) )
  '  |____| .__|_| |_|_| |_\__, | / / / /
 =========|_|==============|___/=/_/_/_/
 :: Spring Boot ::                (v2.7.3)

2024-06-03 14:08:43.092  INFO 8836 --- [    Test worker] c.e.s.SistemaAnneDecor2ApplicationTests  : Starting SistemaAnneDecor2ApplicationTests using Java 20.0.2 on DESKTOP-553OBIJ with PID 8836 (started by calvi in C:\Users\calvi\OneDrive\Desktop\Nueva carpeta (16)\SistemaAnneDecor)
2024-06-03 14:08:43.093  INFO 8836 --- [    Test worker] c.e.s.SistemaAnneDecor2ApplicationTests  : No active profile set, falling back to 1 default profile: "default"
2024-06-03 14:08:43.642  INFO 8836 --- [    Test worker] .s.d.r.c.RepositoryConfigurationDelegate : Bootstrapping Spring Data JPA repositories in DEFAULT mode.
2024-06-03 14:08:43.661  INFO 8836 --- [    Test worker] .s.d.r.c.RepositoryConfigurationDelegate : Finished Spring Data repository scanning in 10 ms. Found 0 JPA repository interfaces.
2024-06-03 14:08:44.200  INFO 8836 --- [    Test worker] o.hibernate.jpa.internal.util.LogHelper  : HHH000204: Processing PersistenceUnitInfo [name: default]
2024-06-03 14:08:44.249  INFO 8836 --- [    Test worker] org.hibernate.Version                    : HHH000412: Hibernate ORM core version 5.6.10.Final
2024-06-03 14:08:44.402  INFO 8836 --- [    Test worker] o.hibernate.annotations.common.Version   : HCANN000001: Hibernate Commons Annotations {5.1.2.Final}
2024-06-03 14:08:44.504  INFO 8836 --- [    Test worker] com.zaxxer.hikari.HikariDataSource       : HikariPool-1 - Starting...
2024-06-03 14:08:47.056  INFO 8836 --- [    Test worker] com.zaxxer.hikari.HikariDataSource       : HikariPool-1 - Start completed.
2024-06-03 14:08:47.074  INFO 8836 --- [    Test worker] org.hibernate.dialect.Dialect            : HHH000400: Using dialect: org.hibernate.dialect.SQLServerDialect
2024-06-03 14:08:48.106  INFO 8836 --- [    Test worker] o.h.e.t.j.p.i.JtaPlatformInitiator       : HHH000490: Using JtaPlatform implementation: [org.hibernate.engine.transaction.jta.platform.internal.NoJtaPlatform]
2024-06-03 14:08:48.115  INFO 8836 --- [    Test worker] j.LocalContainerEntityManagerFactoryBean : Initialized JPA EntityManagerFactory for persistence unit 'default'
2024-06-03 14:08:48.398  WARN 8836 --- [    Test worker] JpaBaseConfiguration$JpaWebConfiguration : spring.jpa.open-in-view is enabled by default. Therefore, database queries may be performed during view rendering. Explicitly configure spring.jpa.open-in-view to disable this warning
2024-06-03 14:08:48.937  INFO 8836 --- [    Test worker] c.e.s.SistemaAnneDecor2ApplicationTests  : Started SistemaAnneDecor2ApplicationTests in 6.078 seconds (JVM running for 7.043)
]]></system-out>
  <system-err><![CDATA[]]></system-err>
</testsuite>
